Release 11.4 Map L.68 (nt)
Xilinx Mapping Report File for Design 'score_display_top'

Design Information
------------------
Command Line   : map -ise score_display.ise -intstyle ise -p xc3s200-vq100-5 -cm
area -ir off -pr off -c 100 -o score_display_top_map.ncd score_display_top.ngd
score_display_top.pcf 
Target Device  : xc3s200
Target Package : vq100
Target Speed   : -5
Mapper Version : spartan3 -- $Revision: 1.51.18.1 $
Mapped Date    : Thu Jul 01 15:40:03 2010

Design Summary
--------------
Number of errors:      0
Number of warnings:    0
Logic Utilization:
  Number of Slice Flip Flops:           118 out of   3,840    3%
  Number of 4 input LUTs:               173 out of   3,840    4%
Logic Distribution:
  Number of occupied Slices:            115 out of   1,920    5%
    Number of Slices containing only related logic:     115 out of     115 100%
    Number of Slices containing unrelated logic:          0 out of     115   0%
      *See NOTES below for an explanation of the effects of unrelated logic.
  Total Number of 4 input LUTs:         188 out of   3,840    4%
    Number used as logic:               173
    Number used as a route-thru:         15

  The Slice Logic Distribution report is not meaningful if the design is
  over-mapped for a non-slice resource or if Placement fails.

  Number of bonded IOBs:                 26 out of      63   41%
  Number of BUFGMUXs:                     1 out of       8   12%

Average Fanout of Non-Clock Nets:                3.34

Peak Memory Usage:  164 MB
Total REAL time to MAP completion:  14 secs 
Total CPU time to MAP completion:   2 secs 

NOTES:

   Related logic is defined as being logic that shares connectivity - e.g. two
   LUTs are "related" if they share common inputs.  When assembling slices,
   Map gives priority to combine logic that is related.  Doing so results in
   the best timing performance.

   Unrelated logic shares no connectivity.  Map will only begin packing
   unrelated logic into a slice once 99% of the slices are occupied through
   related logic packing.

   Note that once logic distribution reaches the 99% level through related
   logic packing, this does not mean the device is completely utilized.
   Unrelated logic packing will then begin, continuing until all usable LUTs
   and FFs are occupied.  Depending on your timing budget, increased levels of
   unrelated logic packing may adversely affect the overall timing performance
   of your design.

Table of Contents
-----------------
Section 1 - Errors
Section 2 - Warnings
Section 3 - Informational
Section 4 - Removed Logic Summary
Section 5 - Removed Logic
Section 6 - IOB Properties
Section 7 - RPMs
Section 8 - Guide Report
Section 9 - Area Group and Partition Summary
Section 10 - Modular Design Summary
Section 11 - Timing Report
Section 12 - Configuration String Information
Section 13 - Control Set Information
Section 14 - Utilization by Hierarchy

Section 1 - Errors
------------------

Section 2 - Warnings
--------------------

Section 3 - Informational
-------------------------
INFO:MapLib:562 - No environment variables are currently set.
INFO:LIT:244 - All of the single ended outputs in this design are using slew
   rate limited output drivers. The delay on speed critical single ended outputs
   can be dramatically reduced by designating them as fast outputs.

Section 4 - Removed Logic Summary
---------------------------------
   2 block(s) optimized away

Section 5 - Removed Logic
-------------------------

Optimized Block(s):
TYPE 		BLOCK
GND 		XST_GND
VCC 		XST_VCC

To enable printing of redundant blocks removed and signals merged, set the
detailed map report option and rerun map.

Section 6 - IOB Properties
--------------------------

+---------------------------------------------------------------------------------------------------------------------------------------------------------+
| IOB Name                           | Type             | Direction | IO Standard          | Diff  | Drive    | Slew | Reg (s)      | Resistor | IOB      |
|                                    |                  |           |                      | Term  | Strength | Rate |              |          | Delay    |
+---------------------------------------------------------------------------------------------------------------------------------------------------------+
| clk_i                              | IOB              | INPUT     | LVCMOS25             |       |          |      |              |          |          |
| led_o<0>                           | IOB              | OUTPUT    | LVCMOS25             |       | 12       | SLOW |              |          |          |
| led_o<1>                           | IOB              | OUTPUT    | LVCMOS25             |       | 12       | SLOW |              |          |          |
| led_o<2>                           | IOB              | OUTPUT    | LVCMOS25             |       | 12       | SLOW |              |          |          |
| led_o<3>                           | IOB              | OUTPUT    | LVCMOS25             |       | 12       | SLOW |              |          |          |
| led_o<4>                           | IOB              | OUTPUT    | LVCMOS25             |       | 12       | SLOW |              |          |          |
| led_o<5>                           | IOB              | OUTPUT    | LVCMOS25             |       | 12       | SLOW |              |          |          |
| led_o<6>                           | IOB              | OUTPUT    | LVCMOS25             |       | 12       | SLOW |              |          |          |
| led_o<7>                           | IOB              | OUTPUT    | LVCMOS25             |       | 12       | SLOW |              |          |          |
| nSW5_i                             | IOB              | INPUT     | LVCMOS25             |       |          |      |              |          |          |
| nSW6_i                             | IOB              | INPUT     | LVCMOS25             |       |          |      |              |          |          |
| npush_button1_i                    | IOB              | INPUT     | LVCMOS25             |       |          |      |              |          |          |
| npush_button2_i                    | IOB              | INPUT     | LVCMOS25             |       |          |      |              |          |          |
| nseven_seg_leds_o<0>               | IOB              | OUTPUT    | LVCMOS25             |       | 12       | SLOW |              |          |          |
| nseven_seg_leds_o<1>               | IOB              | OUTPUT    | LVCMOS25             |       | 12       | SLOW |              |          |          |
| nseven_seg_leds_o<2>               | IOB              | OUTPUT    | LVCMOS25             |       | 12       | SLOW |              |          |          |
| nseven_seg_leds_o<3>               | IOB              | OUTPUT    | LVCMOS25             |       | 12       | SLOW |              |          |          |
| nseven_seg_leds_o<4>               | IOB              | OUTPUT    | LVCMOS25             |       | 12       | SLOW |              |          |          |
| nseven_seg_leds_o<5>               | IOB              | OUTPUT    | LVCMOS25             |       | 12       | SLOW |              |          |          |
| nseven_seg_leds_o<6>               | IOB              | OUTPUT    | LVCMOS25             |       | 12       | SLOW |              |          |          |
| nseven_seg_sel_o<0>                | IOB              | OUTPUT    | LVCMOS25             |       | 12       | SLOW |              |          |          |
| nseven_seg_sel_o<1>                | IOB              | OUTPUT    | LVCMOS25             |       | 12       | SLOW |              |          |          |
| nseven_seg_sel_o<2>                | IOB              | OUTPUT    | LVCMOS25             |       | 12       | SLOW |              |          |          |
| nseven_seg_sel_o<3>                | IOB              | OUTPUT    | LVCMOS25             |       | 12       | SLOW |              |          |          |
| nseven_seg_sel_o<4>                | IOB              | OUTPUT    | LVCMOS25             |       | 12       | SLOW |              |          |          |
| nseven_seg_sel_o<5>                | IOB              | OUTPUT    | LVCMOS25             |       | 12       | SLOW |              |          |          |
+---------------------------------------------------------------------------------------------------------------------------------------------------------+

Section 7 - RPMs
----------------

Section 8 - Guide Report
------------------------
Guide not run on this design.

Section 9 - Area Group and Partition Summary
--------------------------------------------

Partition Implementation Status
-------------------------------

  No Partitions were found in this design.

-------------------------------

Area Group Information
----------------------

  No area groups were found in this design.

----------------------

Section 10 - Modular Design Summary
-----------------------------------
Modular Design not used for this design.

Section 11 - Timing Report
--------------------------
This design was not run using timing mode.

Section 12 - Configuration String Details
-----------------------------------------
Use the "-detail" map option to print out Configuration Strings

Section 13 - Control Set Information
------------------------------------
No control set information for this architecture.

Section 14 - Utilization by Hierarchy
-------------------------------------
Use the "-detail" map option to print out the Utilization by Hierarchy section.
