Copyright 1986-2019 Xilinx, Inc. All Rights Reserved.
----------------------------------------------------------------------------------------
| Tool Version : Vivado v.2019.1 (lin64) Build 2552052 Fri May 24 14:47:09 MDT 2019
| Date         : Thu Jun 25 11:52:59 2020
| Host         : Laptop running 64-bit Ubuntu 18.04.4 LTS
| Command      : report_control_sets -verbose -file PynqDemoTop_control_sets_placed.rpt
| Design       : PynqDemoTop
| Device       : xc7z020
----------------------------------------------------------------------------------------

Control Set Information

Table of Contents
-----------------
1. Summary
2. Histogram
3. Flip-Flop Distribution
4. Detailed Control Set Information

1. Summary
----------

+----------------------------------------------------------+-------+
|                          Status                          | Count |
+----------------------------------------------------------+-------+
| Total control sets                                       |    68 |
|    Minimum number of control sets                        |    68 |
|    Addition due to synthesis replication                 |     0 |
|    Addition due to physical synthesis replication        |     0 |
| Unused register locations in slices containing registers |   298 |
+----------------------------------------------------------+-------+
* Control sets can be merged at opt_design using control_set_merge or merge_equivalent_drivers
** Run report_qor_suggestions for automated merging and remapping suggestions


2. Histogram
------------

+--------------------+-------+
|       Fanout       | Count |
+--------------------+-------+
| Total control sets |    68 |
| >= 0 to < 4        |    23 |
| >= 4 to < 6        |     6 |
| >= 6 to < 8        |     4 |
| >= 8 to < 10       |    15 |
| >= 10 to < 12      |     4 |
| >= 12 to < 14      |     2 |
| >= 14 to < 16      |     0 |
| >= 16              |    14 |
+--------------------+-------+
* Control sets can be remapped at either synth_design or opt_design


3. Flip-Flop Distribution
-------------------------

+--------------+-----------------------+------------------------+-----------------+--------------+
| Clock Enable | Synchronous Set/Reset | Asynchronous Set/Reset | Total Registers | Total Slices |
+--------------+-----------------------+------------------------+-----------------+--------------+
| No           | No                    | No                     |             119 |           54 |
| No           | No                    | Yes                    |             206 |           77 |
| No           | Yes                   | No                     |               6 |            6 |
| Yes          | No                    | No                     |             140 |           45 |
| Yes          | No                    | Yes                    |             213 |           68 |
| Yes          | Yes                   | No                     |              26 |            8 |
+--------------+-----------------------+------------------------+-----------------+--------------+


4. Detailed Control Set Information
-----------------------------------

+----------------------------------------------------------------------+--------------------------------------------------------------------------+---------------------------------------------------------------------+------------------+----------------+
|                             Clock Signal                             |                               Enable Signal                              |                           Set/Reset Signal                          | Slice Load Count | Bel Load Count |
+----------------------------------------------------------------------+--------------------------------------------------------------------------+---------------------------------------------------------------------+------------------+----------------+
|  Pong/pong/controller_interface1/deb_rot_enc1/x_o_reg_LDC_i_1__0_n_0 |                                                                          | Pong/pong/controller_interface1/deb_rot_enc1/x_o_reg_LDC_i_2__0_n_0 |                1 |              1 |
|  Pong/pong/controller_interface2/deb_push_but/x_o_reg_LDC_i_1__4_n_0 |                                                                          | Pong/pong/controller_interface2/deb_push_but/x_o_reg_LDC_i_2__4_n_0 |                1 |              1 |
|  Pong/pong/controller_interface2/deb_rot_enc1/x_o_reg_LDC_i_1__3_n_0 |                                                                          | Pong/pong/controller_interface2/deb_rot_enc1/x_o_reg_LDC_i_2__3_n_0 |                1 |              1 |
|  clk_i_IBUF_BUFG                                                     |                                                                          | Pong/pong/controller_interface2/deb_rot_enc0/x_o_reg_LDC_i_2__2_n_0 |                1 |              1 |
|  clk_i_IBUF_BUFG                                                     |                                                                          | Pong/pong/controller_interface2/deb_push_but/x_o_reg_LDC_i_2__4_n_0 |                1 |              1 |
|  clk_i_IBUF_BUFG                                                     |                                                                          | Pong/pong/controller_interface2/deb_push_but/x_o_reg_LDC_i_1__4_n_0 |                1 |              1 |
|  clk_i_IBUF_BUFG                                                     |                                                                          | Pong/pong/controller_interface2/deb_rot_enc1/x_o_reg_LDC_i_1__3_n_0 |                1 |              1 |
|  clk_i_IBUF_BUFG                                                     |                                                                          | Pong/pong/controller_interface1/deb_rot_enc1/x_o_reg_LDC_i_2__0_n_0 |                1 |              1 |
|  clk_i_IBUF_BUFG                                                     |                                                                          | Pong/pong/controller_interface2/deb_rot_enc0/x_o_reg_LDC_i_1__2_n_0 |                1 |              1 |
|  clk_i_IBUF_BUFG                                                     |                                                                          | Pong/pong/controller_interface1/deb_push_but/x_o_reg_LDC_i_2__1_n_0 |                1 |              1 |
|  clk_i_IBUF_BUFG                                                     |                                                                          | Pong/pong/controller_interface1/deb_push_but/x_o_reg_LDC_i_1__1_n_0 |                1 |              1 |
|  clk_i_IBUF_BUFG                                                     |                                                                          | Pong/pong/controller_interface1/deb_rot_enc0/x_o_reg_LDC_i_1_n_0    |                1 |              1 |
|  clk_i_IBUF_BUFG                                                     |                                                                          | Pong/pong/controller_interface1/deb_rot_enc0/x_o_reg_LDC_i_2_n_0    |                1 |              1 |
|  clk_i_IBUF_BUFG                                                     |                                                                          | Pong/pong/controller_interface2/deb_rot_enc1/x_o_reg_LDC_i_2__3_n_0 |                1 |              1 |
|  clk_i_IBUF_BUFG                                                     |                                                                          | Pong/pong/controller_interface1/deb_rot_enc1/x_o_reg_LDC_i_1__0_n_0 |                1 |              1 |
|  Pong/pong/controller_interface2/deb_rot_enc0/x_o_reg_LDC_i_1__2_n_0 |                                                                          | Pong/pong/controller_interface2/deb_rot_enc0/x_o_reg_LDC_i_2__2_n_0 |                1 |              1 |
|  Pong/pong/controller_interface1/deb_push_but/x_o_reg_LDC_i_1__1_n_0 |                                                                          | Pong/pong/controller_interface1/deb_push_but/x_o_reg_LDC_i_2__1_n_0 |                1 |              1 |
|  Pong/pong/controller_interface1/deb_rot_enc0/x_o_reg_LDC_i_1_n_0    |                                                                          | Pong/pong/controller_interface1/deb_rot_enc0/x_o_reg_LDC_i_2_n_0    |                1 |              1 |
|  clk_i_IBUF_BUFG                                                     | Pong/tmp_hit_racket_r[1]_i_1_n_0                                         | Pong/pong/motion/tmp_hit_racket_r0                                  |                1 |              2 |
|  clk_i_IBUF_BUFG                                                     | Pong/pong/motion/count_hits                                              | Pong/pong/score_display_inst/score_counter_inst/AR[0]               |                1 |              2 |
|  clk_i_IBUF_BUFG                                                     | Pong/motion/neqOp                                                        | Pong/pong/motion/tmp_hit_racket_l0                                  |                1 |              2 |
|  mux_to_menu[jumper]                                                 |                                                                          |                                                                     |                3 |              3 |
|  clk_i_IBUF_BUFG                                                     | Pong/pong/collision/hit_wall_o_reg[1]_0[0]                               | Pong/pong/motion/tmp_hit_wall0                                      |                1 |              3 |
|  clk_i_IBUF_BUFG                                                     | Pong/pong/clk_enable/led_enable_o_reg_0[0]                               |                                                                     |                1 |              4 |
|  clk_i_IBUF_BUFG                                                     | Pong/pong/clk_enable/game_enable_reg_0                                   | input_arr_reg[1][btn_n_0_][3]                                       |                2 |              4 |
|  clk_i_IBUF_BUFG                                                     | Menu/EnableSignals/Digits/enable_o_reg_0[0]                              |                                                                     |                1 |              4 |
|  clk_i_IBUF_BUFG                                                     | Pong/pong/collision/E[0]                                                 | input_arr_reg[1][btn_n_0_][3]                                       |                1 |              4 |
|  clk_i_IBUF_BUFG                                                     | Pong/pong/collision/game_over_reg[0]                                     | input_arr_reg[1][btn_n_0_][3]                                       |                1 |              4 |
|  clk_i_IBUF_BUFG                                                     | Kran/Crane/p_0_in                                                        |                                                                     |                2 |              4 |
|  clk_i_IBUF_BUFG                                                     | Pong/pong/clk_enable/E[0]                                                | input_arr_reg[1][btn_n_0_][3]                                       |                3 |              6 |
|  clk_i_IBUF_BUFG                                                     | Pong/pong/controller_interface2/deb_push_but/input_arr_reg[1][btn][3]    |                                                                     |                5 |              6 |
|  clk_i_IBUF_BUFG                                                     | Basic/Design/clk_ena                                                     |                                                                     |                3 |              6 |
|  clk_i_IBUF_BUFG                                                     | Kran/Crane/step_enable_reg_n_0                                           | input_arr_reg[2][btn_n_0_][3]                                       |                1 |              7 |
|  clk_i_IBUF_BUFG                                                     | Pong/pong/score_display_inst/player1_bin_to_bcd_dec/bcd1                 | input_arr_reg[1][btn_n_0_][3]                                       |                2 |              8 |
|  clk_i_IBUF_BUFG                                                     | Menu/UPDebounce/p_0_in                                                   | mux_to_menu_reg[btn_n_0_][3]                                        |                2 |              8 |
|  mux_to_base[jumper]                                                 |                                                                          |                                                                     |                3 |              8 |
|  clk_i_IBUF_BUFG                                                     | Pong/pong/score_display_inst/player2_bin_to_bcd_dec/bcd1_o[3]_i_1__0_n_0 | input_arr_reg[1][btn_n_0_][3]                                       |                1 |              8 |
|  clk_i_IBUF_BUFG                                                     | Kran/Crane/step_count0                                                   |                                                                     |                3 |              8 |
|  clk_i_IBUF_BUFG                                                     | Pong/pong/score_display_inst/player1_bin_to_bcd_dec/bcd1_o[3]_i_1_n_0    | input_arr_reg[1][btn_n_0_][3]                                       |                1 |              8 |
|  clk_i_IBUF_BUFG                                                     | Pong/pong/score_display_inst/player2_bin_to_bcd_dec/bcd1                 | input_arr_reg[1][btn_n_0_][3]                                       |                2 |              8 |
|  clk_i_IBUF_BUFG                                                     | Menu/DownDebounce/p_0_in                                                 | mux_to_menu_reg[btn_n_0_][3]                                        |                1 |              8 |
|  clk_i_IBUF_BUFG                                                     | Menu/Selector/count0                                                     | mux_to_menu_reg[btn_n_0_][3]                                        |                3 |              8 |
|  Menu/Selector/count_reg[2]_0[0]                                     |                                                                          |                                                                     |                4 |              8 |
|  clk_i_IBUF_BUFG                                                     | Menu/EnableSignals/MovingText/enable_o_reg_0[0]                          | mux_to_menu_reg[btn_n_0_][3]                                        |                2 |              8 |
|  clk_i_IBUF_BUFG                                                     | MovingLight/MovingLight/moving_light0                                    | input_arr_reg[4][btn_n_0_][3]                                       |                2 |              8 |
|  clk_i_IBUF_BUFG                                                     | Pong/pong/controller_interface1/rot_enc_decoder_inst/E[0]                | input_arr_reg[1][btn_n_0_][3]                                       |                5 |              9 |
|  clk_i_IBUF_BUFG                                                     | Pong/pong/controller_interface2/rot_enc_decoder_inst/E[0]                | input_arr_reg[1][btn_n_0_][3]                                       |                3 |              9 |
|  Menu/Selector/E[0]                                                  |                                                                          |                                                                     |                5 |              9 |
|  clk_i_IBUF_BUFG                                                     |                                                                          | input_arr_reg[2][btn_n_0_][3]                                       |                4 |             10 |
|  Menu/Selector/count_reg[0]_0[0]                                     |                                                                          |                                                                     |                6 |             10 |
|  clk_i_IBUF_BUFG                                                     | Pong/pong/motion/speed                                                   | Pong/pong/score_display_inst/score_counter_inst/AR[0]               |                2 |             10 |
|  clk_i_IBUF_BUFG                                                     | Menu/EnableSignals/Digits/E[0]                                           | mux_to_menu_reg[btn_n_0_][3]                                        |                3 |             11 |
|  inter_mux_i_reg[btn][3]_i_1_n_0                                     |                                                                          |                                                                     |                7 |             13 |
|  Menu/Selector/count_reg[0]_1[0]                                     |                                                                          |                                                                     |                6 |             13 |
|  clk_i_IBUF_BUFG                                                     | Pong/pong/controller_interface2/deb_push_but/count[0]_i_1__5_n_0         |                                                                     |                5 |             18 |
|  clk_i_IBUF_BUFG                                                     | Pong/pong/controller_interface2/deb_rot_enc0/count[0]_i_1__3_n_0         |                                                                     |                5 |             18 |
|  clk_i_IBUF_BUFG                                                     | Pong/pong/controller_interface1/deb_rot_enc1/count[0]_i_1__1_n_0         |                                                                     |                5 |             18 |
|  clk_i_IBUF_BUFG                                                     | Pong/pong/controller_interface1/deb_push_but/count[0]_i_1__2_n_0         |                                                                     |                5 |             18 |
|  clk_i_IBUF_BUFG                                                     | Pong/pong/controller_interface2/deb_rot_enc1/count[0]_i_1__4_n_0         |                                                                     |                5 |             18 |
|  clk_i_IBUF_BUFG                                                     | Pong/pong/controller_interface1/deb_rot_enc0/count[0]_i_1__0_n_0         |                                                                     |                5 |             18 |
|  clk_i_IBUF_BUFG                                                     | Pong/pong/clk_enable/game_enable_reg_0                                   | Pong/pong/motion/ball_x0                                            |               11 |             20 |
|  clk_i_IBUF_BUFG                                                     | Pong/pong/motion/delta_x[9]_i_1_n_0                                      | input_arr_reg[1][btn_n_0_][3]                                       |               10 |             20 |
|  clk_i_IBUF_BUFG                                                     | Kran/Crane/f0_0                                                          | Kran/Crane/f[26]_i_1_n_0                                            |                8 |             26 |
|  clk_i_IBUF_BUFG                                                     | Kran/Crane/delay[27]_i_1_n_0                                             | input_arr_reg[2][btn_n_0_][3]                                       |                6 |             28 |
|  clk_i_IBUF_BUFG                                                     |                                                                          | input_arr_reg[4][btn_n_0_][3]                                       |                8 |             28 |
|  clk_i_IBUF_BUFG                                                     |                                                                          |                                                                     |               20 |             55 |
|  clk_i_IBUF_BUFG                                                     |                                                                          | input_arr_reg[1][btn_n_0_][3]                                       |               22 |             64 |
|  clk_i_IBUF_BUFG                                                     |                                                                          | mux_to_menu_reg[btn_n_0_][3]                                        |               31 |             92 |
+----------------------------------------------------------------------+--------------------------------------------------------------------------+---------------------------------------------------------------------+------------------+----------------+


