Release 11.4 - ngc2edif L.68 (nt)
Copyright (c) 1995-2009 Xilinx, Inc.  All rights reserved.
Reading design rotary_encoder_top.ngc ...
WARNING:NetListWriters:298 - No output is written to rotary_encoder_top.xncf,
   ignored.
Processing design ...
   Preping design's networks ...
   Preping design's macros ...
  finished :Prep
Writing EDIF netlist file rotary_encoder_top.edif ...
ngc2edif: Total memory usage is 36180 kilobytes

Release 11.4 - ngc2edif L.68 (nt)
Copyright (c) 1995-2009 Xilinx, Inc.  All rights reserved.
Reading design controller_interface_top.ngc ...
WARNING:NetListWriters:298 - No output is written to
   controller_interface_top.xncf, ignored.
Processing design ...
   Preping design's networks ...
   Preping design's macros ...
  finished :Prep
Writing EDIF netlist file controller_interface_top.edif ...
ngc2edif: Total memory usage is 37204 kilobytes

