Release 11.4 - ngc2edif L.68 (nt)
Copyright (c) 1995-2009 Xilinx, Inc.  All rights reserved.
Reading design pong_top.ngc ...
WARNING:NetListWriters:298 - No output is written to pong_top.xncf, ignored.
Processing design ...
   Preping design's networks ...
   Preping design's macros ...
WARNING:NetListWriters:306 - Signal bus collision/hit_racket_l_o_addsub0000<2 :
   0> on block pong_top is not reconstructed, because there are some missing bus
   signals.
WARNING:NetListWriters:306 - Signal bus collision/hit_racket_r_o_addsub0000<2 :
   0> on block pong_top is not reconstructed, because there are some missing bus
   signals.
WARNING:NetListWriters:306 - Signal bus
   controller_interface1/Madd_racket_y_pos_o_addsub0000_lut<8 : 2> on block
   pong_top is not reconstructed, because there are some missing bus signals.
WARNING:NetListWriters:306 - Signal bus
   controller_interface1/deb/Mcompar_counter_a_cmp_ge0000_lut<6 : 1> on block
   pong_top is not reconstructed, because there are some missing bus signals.
WARNING:NetListWriters:306 - Signal bus
   controller_interface1/deb/Mcompar_counter_b_cmp_ge0000_lut<6 : 1> on block
   pong_top is not reconstructed, because there are some missing bus signals.
WARNING:NetListWriters:306 - Signal bus
   controller_interface1/deb/Mcompar_counter_c_cmp_ge0000_lut<6 : 1> on block
   pong_top is not reconstructed, because there are some missing bus signals.
WARNING:NetListWriters:306 - Signal bus
   controller_interface1/racket_y_pos_o_mult0001<9 : 0> on block pong_top is not
   reconstructed, because there are some missing bus signals.
WARNING:NetListWriters:306 - Signal bus
   controller_interface2/Madd_racket_y_pos_o_addsub0000_lut<8 : 2> on block
   pong_top is not reconstructed, because there are some missing bus signals.
WARNING:NetListWriters:306 - Signal bus
   controller_interface2/deb/Mcompar_counter_a_cmp_ge0000_lut<6 : 1> on block
   pong_top is not reconstructed, because there are some missing bus signals.
WARNING:NetListWriters:306 - Signal bus
   controller_interface2/deb/Mcompar_counter_b_cmp_ge0000_lut<6 : 1> on block
   pong_top is not reconstructed, because there are some missing bus signals.
WARNING:NetListWriters:306 - Signal bus
   controller_interface2/deb/Mcompar_counter_c_cmp_ge0000_lut<6 : 1> on block
   pong_top is not reconstructed, because there are some missing bus signals.
WARNING:NetListWriters:306 - Signal bus
   controller_interface2/racket_y_pos_o_mult0001<9 : 0> on block pong_top is not
   reconstructed, because there are some missing bus signals.
WARNING:NetListWriters:306 - Signal bus visualization/green_o_addsub0000<9 : 4>
   on block pong_top is not reconstructed, because there are some missing bus
   signals.
WARNING:NetListWriters:306 - Signal bus visualization/green_o_addsub0001<9 : 4>
   on block pong_top is not reconstructed, because there are some missing bus
   signals.
WARNING:NetListWriters:306 - Signal bus visualization/green_o_mux0003<2 : 0> on
   block pong_top is not reconstructed, because there are some missing bus
   signals.
  finished :Prep
Writing EDIF netlist file pong_top.edif ...
ngc2edif: Total memory usage is 38228 kilobytes

Release 11.4 - ngc2edif L.68 (nt)
Copyright (c) 1995-2009 Xilinx, Inc.  All rights reserved.
Reading design pong_top.ngc ...
WARNING:NetListWriters:298 - No output is written to pong_top.xncf, ignored.
Processing design ...
   Preping design's networks ...
   Preping design's macros ...
WARNING:NetListWriters:306 - Signal bus collision/hit_racket_l_o_addsub0000<2 :
   0> on block pong_top is not reconstructed, because there are some missing bus
   signals.
WARNING:NetListWriters:306 - Signal bus collision/hit_racket_r_o_addsub0000<2 :
   0> on block pong_top is not reconstructed, because there are some missing bus
   signals.
WARNING:NetListWriters:306 - Signal bus
   controller_interface1/Madd_racket_y_pos_o_addsub0000_cy<6 : 3> on block
   pong_top is not reconstructed, because there are some missing bus signals.
WARNING:NetListWriters:306 - Signal bus
   controller_interface1/Madd_racket_y_pos_o_addsub0000_lut<8 : 5> on block
   pong_top is not reconstructed, because there are some missing bus signals.
WARNING:NetListWriters:306 - Signal bus
   controller_interface1/deb/Mcompar_counter_a_cmp_ge0000_lut<6 : 1> on block
   pong_top is not reconstructed, because there are some missing bus signals.
WARNING:NetListWriters:306 - Signal bus
   controller_interface1/deb/Mcompar_counter_b_cmp_ge0000_lut<6 : 1> on block
   pong_top is not reconstructed, because there are some missing bus signals.
WARNING:NetListWriters:306 - Signal bus
   controller_interface1/deb/Mcompar_counter_c_cmp_ge0000_lut<6 : 1> on block
   pong_top is not reconstructed, because there are some missing bus signals.
WARNING:NetListWriters:306 - Signal bus
   controller_interface1/racket_y_pos_o_mult0001<6 : 4> on block pong_top is not
   reconstructed, because there are some missing bus signals.
WARNING:NetListWriters:306 - Signal bus
   controller_interface2/Madd_racket_y_pos_o_addsub0000_cy<6 : 3> on block
   pong_top is not reconstructed, because there are some missing bus signals.
WARNING:NetListWriters:306 - Signal bus
   controller_interface2/Madd_racket_y_pos_o_addsub0000_lut<8 : 5> on block
   pong_top is not reconstructed, because there are some missing bus signals.
WARNING:NetListWriters:306 - Signal bus
   controller_interface2/deb/Mcompar_counter_a_cmp_ge0000_lut<6 : 1> on block
   pong_top is not reconstructed, because there are some missing bus signals.
WARNING:NetListWriters:306 - Signal bus
   controller_interface2/deb/Mcompar_counter_b_cmp_ge0000_lut<6 : 1> on block
   pong_top is not reconstructed, because there are some missing bus signals.
WARNING:NetListWriters:306 - Signal bus
   controller_interface2/deb/Mcompar_counter_c_cmp_ge0000_lut<6 : 1> on block
   pong_top is not reconstructed, because there are some missing bus signals.
WARNING:NetListWriters:306 - Signal bus
   controller_interface2/racket_y_pos_o_mult0001<6 : 4> on block pong_top is not
   reconstructed, because there are some missing bus signals.
WARNING:NetListWriters:306 - Signal bus visualization/green_o_addsub0000<9 : 4>
   on block pong_top is not reconstructed, because there are some missing bus
   signals.
WARNING:NetListWriters:306 - Signal bus visualization/green_o_addsub0001<9 : 4>
   on block pong_top is not reconstructed, because there are some missing bus
   signals.
  finished :Prep
Writing EDIF netlist file pong_top.edif ...
ngc2edif: Total memory usage is 39252 kilobytes

