Release 13.4 Map O.87xd (nt64)
Xilinx Mapping Report File for Design 'pong_top'

Design Information
------------------
Command Line   : map -intstyle ise -p xc3s200-vq100-5 -cm area -ir off -pr off
-c 100 -o pong_top_map.ncd pong_top.ngd pong_top.pcf 
Target Device  : xc3s200
Target Package : vq100
Target Speed   : -5
Mapper Version : spartan3 -- $Revision: 1.55 $
Mapped Date    : Wed Aug 03 08:56:04 2016

Design Summary
--------------
Number of errors:      0
Number of warnings:    2
Logic Utilization:
  Number of Slice Flip Flops:         1,051 out of   3,840   27%
  Number of 4 input LUTs:             3,041 out of   3,840   79%
Logic Distribution:
  Number of occupied Slices:          1,748 out of   1,920   91%
    Number of Slices containing only related logic:   1,748 out of   1,748 100%
    Number of Slices containing unrelated logic:          0 out of   1,748   0%
      *See NOTES below for an explanation of the effects of unrelated logic.
  Total Number of 4 input LUTs:       3,137 out of   3,840   81%
    Number used as logic:             3,041
    Number used as a route-thru:         96

  The Slice Logic Distribution report is not meaningful if the design is
  over-mapped for a non-slice resource or if Placement fails.

  Number of bonded IOBs:                 43 out of      63   68%
  Number of BUFGMUXs:                     2 out of       8   25%

Average Fanout of Non-Clock Nets:                4.15

Peak Memory Usage:  272 MB
Total REAL time to MAP completion:  4 secs 
Total CPU time to MAP completion:   3 secs 

NOTES:

   Related logic is defined as being logic that shares connectivity - e.g. two
   LUTs are "related" if they share common inputs.  When assembling slices,
   Map gives priority to combine logic that is related.  Doing so results in
   the best timing performance.

   Unrelated logic shares no connectivity.  Map will only begin packing
   unrelated logic into a slice once 99% of the slices are occupied through
   related logic packing.

   Note that once logic distribution reaches the 99% level through related
   logic packing, this does not mean the device is completely utilized.
   Unrelated logic packing will then begin, continuing until all usable LUTs
   and FFs are occupied.  Depending on your timing budget, increased levels of
   unrelated logic packing may adversely affect the overall timing performance
   of your design.

Table of Contents
-----------------
Section 1 - Errors
Section 2 - Warnings
Section 3 - Informational
Section 4 - Removed Logic Summary
Section 5 - Removed Logic
Section 6 - IOB Properties
Section 7 - RPMs
Section 8 - Guide Report
Section 9 - Area Group and Partition Summary
Section 10 - Timing Report
Section 11 - Configuration String Information
Section 12 - Control Set Information
Section 13 - Utilization by Hierarchy

Section 1 - Errors
------------------

Section 2 - Warnings
--------------------
WARNING:Security:43 - No license file was found in the standard Xilinx license
directory.
WARNING:Security:44 - Since no license file was found,
WARNING:Security:42 - Your software subscription period has lapsed. Your current
version of Xilinx tools will continue to function, but you no longer qualify for
Xilinx software updates or new releases.
WARNING:Pack:266 - The function generator sound/mp_bg_inst/ng_inst/address<7>_6
   failed to merge with F5 multiplexer sound/mp_bg_inst/ng_inst/address<7>_5_f5.
    There is a conflict for the FXMUX.  The design will exhibit suboptimal
   timing.
WARNING:Pack:266 - The function generator
   sound/mp_hw_inst/ng_inst/mt_inst/clear_o_and00001 failed to merge with F5
   multiplexer sound/mp_hw_inst/tt_inst/Mrom_ftw_o_rom00007_f5.  There is a
   conflict for the GYMUX.  The design will exhibit suboptimal timing.

Section 3 - Informational
-------------------------
INFO:Security:51 - The XILINXD_LICENSE_FILE environment variable is not set.
INFO:Security:52 - The LM_LICENSE_FILE environment variable is set to
'2100@janice;27000@janice;28000@janice;28001@janice'.
INFO:Security:54 - 'xc3s200' is a WebPack part.
INFO:LIT:243 - Logical network din_i_IBUF has no load.
INFO:MapLib:562 - No environment variables are currently set.
INFO:LIT:244 - All of the single ended outputs in this design are using slew
   rate limited output drivers. The delay on speed critical single ended outputs
   can be dramatically reduced by designating them as fast outputs.

Section 4 - Removed Logic Summary
---------------------------------
   2 block(s) optimized away

Section 5 - Removed Logic
-------------------------

Optimized Block(s):
TYPE 		BLOCK
GND 		XST_GND
VCC 		XST_VCC

To enable printing of redundant blocks removed and signals merged, set the
detailed map report option and rerun map.

Section 6 - IOB Properties
--------------------------

+---------------------------------------------------------------------------------------------------------------------------------------------------------+
| IOB Name                           | Type             | Direction | IO Standard          | Diff  | Drive    | Slew | Reg (s)      | Resistor | IOB      |
|                                    |                  |           |                      | Term  | Strength | Rate |              |          | Delay    |
+---------------------------------------------------------------------------------------------------------------------------------------------------------+
| bclk_o                             | IOB              | OUTPUT    | LVCMOS25             |       | 12       | SLOW |              |          |          |
| blue_o<0>                          | IOB              | OUTPUT    | LVCMOS25             |       | 12       | SLOW |              |          |          |
| blue_o<1>                          | IOB              | OUTPUT    | LVCMOS25             |       | 12       | SLOW |              |          |          |
| blue_o<2>                          | IOB              | OUTPUT    | LVCMOS25             |       | 12       | SLOW |              |          |          |
| clock                              | IOB              | INPUT     | LVCMOS25             |       |          |      |              |          |          |
| din_i                              | IOB              | INPUT     | LVCMOS25             |       |          |      |              |          |          |
| dout_o                             | IOB              | OUTPUT    | LVCMOS25             |       | 12       | SLOW |              |          |          |
| green_o<0>                         | IOB              | OUTPUT    | LVCMOS25             |       | 12       | SLOW |              |          |          |
| green_o<1>                         | IOB              | OUTPUT    | LVCMOS25             |       | 12       | SLOW |              |          |          |
| green_o<2>                         | IOB              | OUTPUT    | LVCMOS25             |       | 12       | SLOW |              |          |          |
| h_sync_o                           | IOB              | OUTPUT    | LVCMOS25             |       | 12       | SLOW |              |          |          |
| lrcout_o                           | IOB              | OUTPUT    | LVCMOS25             |       | 12       | SLOW |              |          |          |
| mck_o                              | IOB              | OUTPUT    | LVCMOS25             |       | 12       | SLOW |              |          |          |
| mode_o                             | IOB              | OUTPUT    | LVCMOS25             |       | 12       | SLOW |              |          |          |
| ncs_o                              | IOB              | OUTPUT    | LVCMOS25             |       | 12       | SLOW |              |          |          |
| nseven_seg_leds_o<0>               | IOB              | OUTPUT    | LVCMOS25             |       | 12       | SLOW |              |          |          |
| nseven_seg_leds_o<1>               | IOB              | OUTPUT    | LVCMOS25             |       | 12       | SLOW |              |          |          |
| nseven_seg_leds_o<2>               | IOB              | OUTPUT    | LVCMOS25             |       | 12       | SLOW |              |          |          |
| nseven_seg_leds_o<3>               | IOB              | OUTPUT    | LVCMOS25             |       | 12       | SLOW |              |          |          |
| nseven_seg_leds_o<4>               | IOB              | OUTPUT    | LVCMOS25             |       | 12       | SLOW |              |          |          |
| nseven_seg_leds_o<5>               | IOB              | OUTPUT    | LVCMOS25             |       | 12       | SLOW |              |          |          |
| nseven_seg_leds_o<6>               | IOB              | OUTPUT    | LVCMOS25             |       | 12       | SLOW |              |          |          |
| nseven_seg_sel_o<0>                | IOB              | OUTPUT    | LVCMOS25             |       | 12       | SLOW |              |          |          |
| nseven_seg_sel_o<1>                | IOB              | OUTPUT    | LVCMOS25             |       | 12       | SLOW |              |          |          |
| nseven_seg_sel_o<2>                | IOB              | OUTPUT    | LVCMOS25             |       | 12       | SLOW |              |          |          |
| nseven_seg_sel_o<3>                | IOB              | OUTPUT    | LVCMOS25             |       | 12       | SLOW |              |          |          |
| nseven_seg_sel_o<4>                | IOB              | OUTPUT    | LVCMOS25             |       | 12       | SLOW |              |          |          |
| nseven_seg_sel_o<5>                | IOB              | OUTPUT    | LVCMOS25             |       | 12       | SLOW |              |          |          |
| push_button1_i                     | IOB              | INPUT     | LVCMOS25             |       |          |      |              |          |          |
| push_button2_i                     | IOB              | INPUT     | LVCMOS25             |       |          |      |              |          |          |
| red_o<0>                           | IOB              | OUTPUT    | LVCMOS25             |       | 12       | SLOW |              |          |          |
| red_o<1>                           | IOB              | OUTPUT    | LVCMOS25             |       | 12       | SLOW |              |          |          |
| red_o<2>                           | IOB              | OUTPUT    | LVCMOS25             |       | 12       | SLOW |              |          |          |
| reset                              | IOB              | INPUT     | LVCMOS25             |       |          |      |              |          |          |
| rot_enc1_i<0>                      | IOB              | INPUT     | LVCMOS25             |       |          |      |              |          |          |
| rot_enc1_i<1>                      | IOB              | INPUT     | LVCMOS25             |       |          |      |              |          |          |
| rot_enc2_i<0>                      | IOB              | INPUT     | LVCMOS25             |       |          |      |              |          |          |
| rot_enc2_i<1>                      | IOB              | INPUT     | LVCMOS25             |       |          |      |              |          |          |
| sclk_o                             | IOB              | OUTPUT    | LVCMOS25             |       | 12       | SLOW |              |          |          |
| sdout_o                            | IOB              | OUTPUT    | LVCMOS25             |       | 12       | SLOW |              |          |          |
| slide_sw_i<0>                      | IOB              | INPUT     | LVCMOS25             |       |          |      |              |          |          |
| slide_sw_i<1>                      | IOB              | INPUT     | LVCMOS25             |       |          |      |              |          |          |
| v_sync_o                           | IOB              | OUTPUT    | LVCMOS25             |       | 12       | SLOW |              |          |          |
+---------------------------------------------------------------------------------------------------------------------------------------------------------+

Section 7 - RPMs
----------------

Section 8 - Guide Report
------------------------
Guide not run on this design.

Section 9 - Area Group and Partition Summary
--------------------------------------------

Partition Implementation Status
-------------------------------

  No Partitions were found in this design.

-------------------------------

Area Group Information
----------------------

  No area groups were found in this design.

----------------------

Section 10 - Timing Report
--------------------------
This design was not run using timing mode.

Section 11 - Configuration String Details
-----------------------------------------
Use the "-detail" map option to print out Configuration Strings

Section 12 - Control Set Information
------------------------------------
No control set information for this architecture.

Section 13 - Utilization by Hierarchy
-------------------------------------
Use the "-detail" map option to print out the Utilization by Hierarchy section.
